
C51 COMPILER V8.08 - SN: Eval Version
COPYRIGHT KEIL ELEKTRONIK GmbH 1987 - 2007
*** ERROR C231 IN LINE 15 OF C8051F020.H: 'P0': redefinition
*** ERROR C231 IN LINE 16 OF C8051F020.H: 'SP': redefinition
*** ERROR C231 IN LINE 17 OF C8051F020.H: 'DPL': redefinition
*** ERROR C231 IN LINE 18 OF C8051F020.H: 'DPH': redefinition
*** ERROR C231 IN LINE 19 OF C8051F020.H: 'P4': redefinition
*** ERROR C231 IN LINE 20 OF C8051F020.H: 'P5': redefinition
*** ERROR C231 IN LINE 21 OF C8051F020.H: 'P6': redefinition
*** ERROR C231 IN LINE 22 OF C8051F020.H: 'PCON': redefinition
*** ERROR C231 IN LINE 23 OF C8051F020.H: 'TCON': redefinition
*** ERROR C231 IN LINE 24 OF C8051F020.H: 'TMOD': redefinition
*** ERROR C231 IN LINE 25 OF C8051F020.H: 'TL0': redefinition
*** ERROR C231 IN LINE 26 OF C8051F020.H: 'TL1': redefinition
*** ERROR C231 IN LINE 27 OF C8051F020.H: 'TH0': redefinition
*** ERROR C231 IN LINE 28 OF C8051F020.H: 'TH1': redefinition
*** ERROR C231 IN LINE 29 OF C8051F020.H: 'CKCON': redefinition
*** ERROR C231 IN LINE 30 OF C8051F020.H: 'PSCTL': redefinition
*** ERROR C231 IN LINE 31 OF C8051F020.H: 'P1': redefinition
*** ERROR C231 IN LINE 32 OF C8051F020.H: 'TMR3CN': redefinition
*** ERROR C231 IN LINE 33 OF C8051F020.H: 'TMR3RLL': redefinition
*** ERROR C231 IN LINE 34 OF C8051F020.H: 'TMR3RLH': redefinition
*** ERROR C231 IN LINE 35 OF C8051F020.H: 'TMR3L': redefinition
*** ERROR C231 IN LINE 36 OF C8051F020.H: 'TMR3H': redefinition
*** ERROR C231 IN LINE 37 OF C8051F020.H: 'P7': redefinition
*** ERROR C231 IN LINE 38 OF C8051F020.H: 'SCON0': redefinition
*** ERROR C231 IN LINE 39 OF C8051F020.H: 'SBUF0': redefinition
*** ERROR C231 IN LINE 40 OF C8051F020.H: 'SPI0CFG': redefinition
*** ERROR C231 IN LINE 41 OF C8051F020.H: 'SPI0DAT': redefinition
*** ERROR C231 IN LINE 42 OF C8051F020.H: 'ADC1': redefinition
*** ERROR C231 IN LINE 43 OF C8051F020.H: 'SPI0CKR': redefinition
*** ERROR C231 IN LINE 44 OF C8051F020.H: 'CPT0CN': redefinition
*** ERROR C231 IN LINE 45 OF C8051F020.H: 'CPT1CN': redefinition
*** ERROR C231 IN LINE 46 OF C8051F020.H: 'P2': redefinition
*** ERROR C231 IN LINE 47 OF C8051F020.H: 'EMI0TC': redefinition
*** ERROR C231 IN LINE 48 OF C8051F020.H: 'EMI0CF': redefinition
*** ERROR C231 IN LINE 49 OF C8051F020.H: 'P0MDOUT': redefinition
*** ERROR C231 IN LINE 50 OF C8051F020.H: 'P1MDOUT': redefinition
*** ERROR C231 IN LINE 51 OF C8051F020.H: 'P2MDOUT': redefinition
*** ERROR C231 IN LINE 52 OF C8051F020.H: 'P3MDOUT': redefinition
*** ERROR C231 IN LINE 53 OF C8051F020.H: 'IE': redefinition
*** ERROR C231 IN LINE 54 OF C8051F020.H: 'SADDR0': redefinition
*** ERROR C231 IN LINE 55 OF C8051F020.H: 'ADC1CN': redefinition
*** ERROR C231 IN LINE 56 OF C8051F020.H: 'ADC1CF': redefinition
*** ERROR C231 IN LINE 57 OF C8051F020.H: 'AMX1SL': redefinition
*** ERROR C231 IN LINE 58 OF C8051F020.H: 'P3IF': redefinition
*** ERROR C231 IN LINE 59 OF C8051F020.H: 'SADEN1': redefinition
*** ERROR C231 IN LINE 60 OF C8051F020.H: 'EMI0CN': redefinition
*** ERROR C231 IN LINE 61 OF C8051F020.H: 'P3': redefinition
*** ERROR C231 IN LINE 62 OF C8051F020.H: 'OSCXCN': redefinition
*** ERROR C231 IN LINE 63 OF C8051F020.H: 'OSCICN': redefinition
*** ERROR C231 IN LINE 64 OF C8051F020.H: 'P74OUT': redefinition
*** ERROR C231 IN LINE 65 OF C8051F020.H: 'FLSCL': redefinition
*** ERROR C231 IN LINE 66 OF C8051F020.H: 'FLACL': redefinition
*** ERROR C231 IN LINE 67 OF C8051F020.H: 'IP': redefinition
*** ERROR C231 IN LINE 68 OF C8051F020.H: 'SADEN0': redefinition
*** ERROR C231 IN LINE 69 OF C8051F020.H: 'AMX0CF': redefinition
*** ERROR C231 IN LINE 70 OF C8051F020.H: 'AMX0SL': redefinition
*** ERROR C231 IN LINE 71 OF C8051F020.H: 'ADC0CF': redefinition
*** ERROR C231 IN LINE 72 OF C8051F020.H: 'P1MDIN': redefinition
*** ERROR C231 IN LINE 73 OF C8051F020.H: 'ADC0L': redefinition
*** ERROR C231 IN LINE 74 OF C8051F020.H: 'ADC0H': redefinition
*** ERROR C231 IN LINE 75 OF C8051F020.H: 'SMB0CN': redefinition
*** ERROR C231 IN LINE 76 OF C8051F020.H: 'SMB0STA': redefinition
*** ERROR C231 IN LINE 77 OF C8051F020.H: 'SMB0DAT': redefinition
*** ERROR C231 IN LINE 78 OF C8051F020.H: 'SMB0ADR': redefinition
*** ERROR C231 IN LINE 79 OF C8051F020.H: 'ADC0GTL': redefinition
*** ERROR C231 IN LINE 80 OF C8051F020.H: 'ADC0GTH': redefinition
*** ERROR C231 IN LINE 81 OF C8051F020.H: 'ADC0LTL': redefinition
*** ERROR C231 IN LINE 82 OF C8051F020.H: 'ADC0LTH': redefinition
*** ERROR C231 IN LINE 83 OF C8051F020.H: 'T2CON': redefinition
*** ERROR C231 IN LINE 84 OF C8051F020.H: 'T4CON': redefinition
*** ERROR C231 IN LINE 85 OF C8051F020.H: 'RCAP2L': redefinition
*** ERROR C231 IN LINE 86 OF C8051F020.H: 'RCAP2H': redefinition
*** ERROR C231 IN LINE 87 OF C8051F020.H: 'TL2': redefinition
*** ERROR C231 IN LINE 88 OF C8051F020.H: 'TH2': redefinition
*** ERROR C231 IN LINE 89 OF C8051F020.H: 'SMB0CR': redefinition
*** ERROR C231 IN LINE 90 OF C8051F020.H: 'PSW': redefinition
*** ERROR C231 IN LINE 91 OF C8051F020.H: 'REF0CN': redefinition
*** ERROR C231 IN LINE 92 OF C8051F020.H: 'DAC0L': redefinition
*** ERROR C231 IN LINE 93 OF C8051F020.H: 'DAC0H': redefinition
*** ERROR C231 IN LINE 94 OF C8051F020.H: 'DAC0CN': redefinition
*** ERROR C231 IN LINE 95 OF C8051F020.H: 'DAC1L': redefinition
*** ERROR C231 IN LINE 96 OF C8051F020.H: 'DAC1H': redefinition
*** ERROR C231 IN LINE 97 OF C8051F020.H: 'DAC1CN': redefinition
*** ERROR C231 IN LINE 98 OF C8051F020.H: 'PCA0CN': redefinition
*** ERROR C231 IN LINE 99 OF C8051F020.H: 'PCA0MD': redefinition
*** ERROR C231 IN LINE 100 OF C8051F020.H: 'PCA0CPM0': redefinition
*** ERROR C231 IN LINE 101 OF C8051F020.H: 'PCA0CPM1': redefinition
*** ERROR C231 IN LINE 102 OF C8051F020.H: 'PCA0CPM2': redefinition
*** ERROR C231 IN LINE 103 OF C8051F020.H: 'PCA0CPM3': redefinition
*** ERROR C231 IN LINE 104 OF C8051F020.H: 'PCA0CPM4': redefinition
*** ERROR C231 IN LINE 105 OF C8051F020.H: 'ACC': redefinition
*** ERROR C231 IN LINE 106 OF C8051F020.H: 'XBR0': redefinition
*** ERROR C231 IN LINE 107 OF C8051F020.H: 'XBR1': redefinition
*** ERROR C231 IN LINE 108 OF C8051F020.H: 'XBR2': redefinition
*** ERROR C231 IN LINE 109 OF C8051F020.H: 'RCAP4L': redefinition
*** ERROR C231 IN LINE 110 OF C8051F020.H: 'RCAP4H': redefinition
*** ERROR C231 IN LINE 111 OF C8051F020.H: 'EIE1': redefinition
*** ERROR C231 IN LINE 112 OF C8051F020.H: 'EIE2': redefinition
*** ERROR C231 IN LINE 113 OF C8051F020.H: 'ADC0CN': redefinition
*** ERROR C231 IN LINE 114 OF C8051F020.H: 'PCA0L': redefinition
*** ERROR C231 IN LINE 115 OF C8051F020.H: 'PCA0CPL0': redefinition
*** ERROR C231 IN LINE 116 OF C8051F020.H: 'PCA0CPL1': redefinition
*** ERROR C231 IN LINE 117 OF C8051F020.H: 'PCA0CPL2': redefinition
*** ERROR C231 IN LINE 118 OF C8051F020.H: 'PCA0CPL3': redefinition
*** ERROR C231 IN LINE 119 OF C8051F020.H: 'PCA0CPL4': redefinition
*** ERROR C231 IN LINE 120 OF C8051F020.H: 'RSTSRC': redefinition
*** ERROR C231 IN LINE 121 OF C8051F020.H: 'B': redefinition
*** ERROR C231 IN LINE 122 OF C8051F020.H: 'SCON1': redefinition
*** ERROR C231 IN LINE 123 OF C8051F020.H: 'SBUF1': redefinition
*** ERROR C231 IN LINE 124 OF C8051F020.H: 'SADDR1': redefinition
*** ERROR C231 IN LINE 125 OF C8051F020.H: 'TL4': redefinition
*** ERROR C231 IN LINE 126 OF C8051F020.H: 'TH4': redefinition
*** ERROR C231 IN LINE 127 OF C8051F020.H: 'EIP1': redefinition
*** ERROR C231 IN LINE 128 OF C8051F020.H: 'EIP2': redefinition
*** ERROR C231 IN LINE 129 OF C8051F020.H: 'SPI0CN': redefinition
*** ERROR C231 IN LINE 130 OF C8051F020.H: 'PCA0H': redefinition
*** ERROR C231 IN LINE 131 OF C8051F020.H: 'PCA0CPH0': redefinition
*** ERROR C231 IN LINE 132 OF C8051F020.H: 'PCA0CPH1': redefinition
*** ERROR C231 IN LINE 133 OF C8051F020.H: 'PCA0CPH2': redefinition
*** ERROR C231 IN LINE 134 OF C8051F020.H: 'PCA0CPH3': redefinition
*** ERROR C231 IN LINE 135 OF C8051F020.H: 'PCA0CPH4': redefinition
*** ERROR C231 IN LINE 136 OF C8051F020.H: 'WDTCN': redefinition
*** ERROR C231 IN LINE 142 OF C8051F020.H: 'TF1': redefinition
*** ERROR C231 IN LINE 143 OF C8051F020.H: 'TR1': redefinition
*** ERROR C231 IN LINE 144 OF C8051F020.H: 'TF0': redefinition
*** ERROR C231 IN LINE 145 OF C8051F020.H: 'TR0': redefinition
*** ERROR C231 IN LINE 146 OF C8051F020.H: 'IE1': redefinition
*** ERROR C231 IN LINE 147 OF C8051F020.H: 'IT1': redefinition
*** ERROR C231 IN LINE 148 OF C8051F020.H: 'IE0': redefinition
*** ERROR C231 IN LINE 149 OF C8051F020.H: 'IT0': redefinition
*** ERROR C231 IN LINE 152 OF C8051F020.H: 'SM00': redefinition
*** ERROR C231 IN LINE 153 OF C8051F020.H: 'SM10': redefinition
*** ERROR C231 IN LINE 154 OF C8051F020.H: 'SM20': redefinition
*** ERROR C231 IN LINE 155 OF C8051F020.H: 'REN0': redefinition
*** ERROR C231 IN LINE 156 OF C8051F020.H: 'TB80': redefinition
*** ERROR C231 IN LINE 157 OF C8051F020.H: 'RB80': redefinition
*** ERROR C231 IN LINE 158 OF C8051F020.H: 'TI0': redefinition
*** ERROR C231 IN LINE 159 OF C8051F020.H: 'RI0': redefinition
*** ERROR C231 IN LINE 162 OF C8051F020.H: 'EA': redefinition
*** ERROR C231 IN LINE 163 OF C8051F020.H: 'ET2': redefinition
*** ERROR C231 IN LINE 164 OF C8051F020.H: 'ES0': redefinition
*** ERROR C231 IN LINE 165 OF C8051F020.H: 'ET1': redefinition
*** ERROR C231 IN LINE 166 OF C8051F020.H: 'EX1': redefinition
*** ERROR C231 IN LINE 167 OF C8051F020.H: 'ET0': redefinition
*** ERROR C231 IN LINE 168 OF C8051F020.H: 'EX0': redefinition
*** ERROR C231 IN LINE 171 OF C8051F020.H: 'PT2': redefinition
*** ERROR C231 IN LINE 172 OF C8051F020.H: 'PS': redefinition
*** ERROR C231 IN LINE 173 OF C8051F020.H: 'PT1': redefinition
*** ERROR C231 IN LINE 174 OF C8051F020.H: 'PX1': redefinition
*** ERROR C231 IN LINE 175 OF C8051F020.H: 'PT0': redefinition
*** ERROR C231 IN LINE 176 OF C8051F020.H: 'PX0': redefinition
*** ERROR C231 IN LINE 179 OF C8051F020.H: 'BUSY': redefinition
*** ERROR C231 IN LINE 180 OF C8051F020.H: 'ENSMB': redefinition
*** ERROR C231 IN LINE 181 OF C8051F020.H: 'STA': redefinition
*** ERROR C231 IN LINE 182 OF C8051F020.H: 'STO': redefinition
*** ERROR C231 IN LINE 183 OF C8051F020.H: 'SI': redefinition
*** ERROR C231 IN LINE 184 OF C8051F020.H: 'AA': redefinition
*** ERROR C231 IN LINE 185 OF C8051F020.H: 'SMBFTE': redefinition
*** ERROR C231 IN LINE 186 OF C8051F020.H: 'SMBTOE': redefinition
*** ERROR C231 IN LINE 189 OF C8051F020.H: 'TF2': redefinition
*** ERROR C231 IN LINE 190 OF C8051F020.H: 'EXF2': redefinition
*** ERROR C231 IN LINE 191 OF C8051F020.H: 'RCLK0': redefinition
*** ERROR C231 IN LINE 192 OF C8051F020.H: 'TCLK0': redefinition
*** ERROR C231 IN LINE 193 OF C8051F020.H: 'EXEN2': redefinition
*** ERROR C231 IN LINE 194 OF C8051F020.H: 'TR2': redefinition
*** ERROR C231 IN LINE 195 OF C8051F020.H: 'CT2': redefinition
*** ERROR C231 IN LINE 196 OF C8051F020.H: 'CPRL2': redefinition
*** ERROR C231 IN LINE 199 OF C8051F020.H: 'CY': redefinition
*** ERROR C231 IN LINE 200 OF C8051F020.H: 'AC': redefinition
*** ERROR C231 IN LINE 201 OF C8051F020.H: 'F0': redefinition
*** ERROR C231 IN LINE 202 OF C8051F020.H: 'RS1': redefinition
*** ERROR C231 IN LINE 203 OF C8051F020.H: 'RS0': redefinition
*** ERROR C231 IN LINE 204 OF C8051F020.H: 'OV': redefinition
*** ERROR C231 IN LINE 205 OF C8051F020.H: 'F1': redefinition
*** ERROR C231 IN LINE 206 OF C8051F020.H: 'P': redefinition
*** ERROR C231 IN LINE 209 OF C8051F020.H: 'CF': redefinition
*** ERROR C231 IN LINE 210 OF C8051F020.H: 'CR': redefinition
*** ERROR C231 IN LINE 211 OF C8051F020.H: 'CCF4': redefinition
*** ERROR C231 IN LINE 212 OF C8051F020.H: 'CCF3': redefinition
*** ERROR C231 IN LINE 213 OF C8051F020.H: 'CCF2': redefinition
*** ERROR C231 IN LINE 214 OF C8051F020.H: 'CCF1': redefinition
*** ERROR C231 IN LINE 215 OF C8051F020.H: 'CCF0': redefinition
*** ERROR C231 IN LINE 218 OF C8051F020.H: 'AD0EN': redefinition
*** ERROR C231 IN LINE 219 OF C8051F020.H: 'AD0TM': redefinition
*** ERROR C231 IN LINE 220 OF C8051F020.H: 'AD0INT': redefinition
*** ERROR C231 IN LINE 221 OF C8051F020.H: 'AD0BUSY': redefinition
*** ERROR C231 IN LINE 222 OF C8051F020.H: 'AD0CM1': redefinition
*** ERROR C231 IN LINE 223 OF C8051F020.H: 'AD0CM0': redefinition
*** ERROR C231 IN LINE 224 OF C8051F020.H: 'AD0WINT': redefinition
*** ERROR C231 IN LINE 225 OF C8051F020.H: 'AD0LJST': redefinition
*** ERROR C231 IN LINE 228 OF C8051F020.H: 'SPIF': redefinition
*** ERROR C231 IN LINE 229 OF C8051F020.H: 'WCOL': redefinition
*** ERROR C231 IN LINE 230 OF C8051F020.H: 'MODF': redefinition
*** ERROR C231 IN LINE 231 OF C8051F020.H: 'RXOVRN': redefinition
*** ERROR C231 IN LINE 232 OF C8051F020.H: 'TXBSY': redefinition
*** ERROR C231 IN LINE 233 OF C8051F020.H: 'SLVSEL': redefinition
*** ERROR C231 IN LINE 234 OF C8051F020.H: 'MSTEN': redefinition
*** ERROR C231 IN LINE 235 OF C8051F020.H: 'SPIEN': redefinition

C51 COMPILATION COMPLETE.  0 WARNING(S),  198 ERROR(S)
